<?xml version="1.0" encoding="UTF-8"?>
<!-- Generated by org.testng.reporters.JUnitXMLReporter -->
<testsuite ignored="0" hostname="LAPTOP-J8ATVK14" failures="0" tests="5" name="Default test" time="7.381" errors="0" timestamp="2025-02-24T09:51:14 IST">
  <testcase classname="api.tests.UserTests" name="testCreateUser" time="2.527"/>
  <testcase classname="api.tests.UserTests" name="testReadUser" time="0.888"/>
  <testcase classname="api.tests.UserTests" name="testUpdateUser" time="1.094"/>
  <testcase classname="api.tests.UserTests" name="testReadUpdatedUser" time="1.084"/>
  <testcase classname="api.tests.UserTests" name="testDeleteUser" time="1.127"/>
</testsuite> <!-- Default test -->
