<?xml version="1.0" encoding="UTF-8"?>
<!-- Generated by org.testng.reporters.JUnitXMLReporter -->
<testsuite ignored="0" hostname="LAPTOP-J8ATVK14" failures="0" tests="9" name="Default test" time="16.398" errors="0" timestamp="2025-02-26T14:18:30 IST">
  <testcase classname="api.tests.DD_PetTest" name="testPostUser" time="2.845"/>
  <testcase classname="api.tests.DD_PetTest" name="testPostUser" time="1.465"/>
  <testcase classname="api.tests.DD_PetTest" name="testPostUser" time="1.536"/>
  <testcase classname="api.tests.DD_PetTest" name="get_Pet" time="1.465"/>
  <testcase classname="api.tests.DD_PetTest" name="get_Pet" time="1.535"/>
  <testcase classname="api.tests.DD_PetTest" name="get_Pet" time="1.534"/>
  <testcase classname="api.tests.DD_PetTest" name="delete_Pet" time="1.461"/>
  <testcase classname="api.tests.DD_PetTest" name="delete_Pet" time="1.533"/>
  <testcase classname="api.tests.DD_PetTest" name="delete_Pet" time="1.531"/>
</testsuite> <!-- Default test -->
