<?xml version="1.0" encoding="UTF-8"?>
<!-- Generated by org.testng.reporters.JUnitXMLReporter -->
<testsuite ignored="0" hostname="LAPTOP-J8ATVK14" failures="0" tests="33" name="Test" time="52.839" errors="0" timestamp="2025-02-26T14:21:40 IST">
  <testcase classname="api.tests.PetTests" name="testCreateUser" time="3.114"/>
  <testcase classname="api.tests.PetTests" name="testDisplayPet" time="1.573"/>
  <testcase classname="api.tests.PetTests" name="testUpdatePet" time="1.533"/>
  <testcase classname="api.tests.PetTests" name="testDeletePet" time="1.53"/>
  <testcase classname="api.tests.PetTests" name="testDisplayPetafterDelete" time="1.538"/>
  <testcase classname="api.tests.UserTests" name="testCreateUser" time="1.34"/>
  <testcase classname="api.tests.UserTests" name="testReadUser" time="1.429"/>
  <testcase classname="api.tests.UserTests" name="testUpdateUser" time="1.434"/>
  <testcase classname="api.tests.UserTests" name="testReadUpdatedUser" time="1.534"/>
  <testcase classname="api.tests.UserTests" name="testDeleteUser" time="1.427"/>
  <testcase classname="api.tests.DD_UserTest" name="testPostUser" time="1.492"/>
  <testcase classname="api.tests.DD_UserTest" name="testPostUser" time="1.43"/>
  <testcase classname="api.tests.DD_UserTest" name="testPostUser" time="1.43"/>
  <testcase classname="api.tests.DD_UserTest" name="testReadUser" time="1.38"/>
  <testcase classname="api.tests.DD_UserTest" name="testReadUser" time="1.537"/>
  <testcase classname="api.tests.DD_UserTest" name="testReadUser" time="1.433"/>
  <testcase classname="api.tests.DD_UserTest" name="testDeleteUser" time="1.473"/>
  <testcase classname="api.tests.DD_UserTest" name="testDeleteUser" time="1.533"/>
  <testcase classname="api.tests.DD_UserTest" name="testDeleteUser" time="1.535"/>
  <testcase classname="api.tests.DD_PetTest" name="testPostUser" time="1.342"/>
  <testcase classname="api.tests.DD_PetTest" name="testPostUser" time="1.678"/>
  <testcase classname="api.tests.DD_PetTest" name="testPostUser" time="1.489"/>
  <testcase classname="api.tests.DD_PetTest" name="get_Pet" time="1.531"/>
  <testcase classname="api.tests.DD_PetTest" name="get_Pet" time="1.534"/>
  <testcase classname="api.tests.DD_PetTest" name="get_Pet" time="1.534"/>
  <testcase classname="api.tests.DD_PetTest" name="delete_Pet" time="1.475"/>
  <testcase classname="api.tests.DD_PetTest" name="delete_Pet" time="1.534"/>
  <testcase classname="api.tests.DD_PetTest" name="delete_Pet" time="1.535"/>
  <testcase classname="api.tests.UserTests2" name="testCreateUser" time="1.502"/>
  <testcase classname="api.tests.UserTests2" name="testReadUser" time="1.433"/>
  <testcase classname="api.tests.UserTests2" name="testUpdateUser" time="1.535"/>
  <testcase classname="api.tests.UserTests2" name="testReadUpdatedUser" time="1.533"/>
  <testcase classname="api.tests.UserTests2" name="testDeleteUser" time="1.534"/>
</testsuite> <!-- Test -->
