<?xml version="1.0" encoding="UTF-8"?>
<testng-results ignored="0" total="33" passed="33" failed="0" skipped="0">
  <reporter-output>
  </reporter-output>
  <suite started-at="2025-02-26T14:20:47 IST" name="Suite" finished-at="2025-02-26T14:21:40 IST" duration-ms="52839">
    <groups>
    </groups>
    <test started-at="2025-02-26T14:20:47 IST" name="Test" finished-at="2025-02-26T14:21:40 IST" duration-ms="52839">
      <class name="api.tests.UserTests">
        <test-method is-config="true" signature="setupData()[pri:0, instance:api.tests.UserTests@3d285d7e]" started-at="2025-02-26T14:20:57 IST" name="setupData" finished-at="2025-02-26T14:20:57 IST" duration-ms="93" status="PASS">
          <reporter-output>
          </reporter-output>
        </test-method> <!-- setupData -->
        <test-method signature="testCreateUser()[pri:1, instance:api.tests.UserTests@3d285d7e]" started-at="2025-02-26T14:20:57 IST" name="testCreateUser" finished-at="2025-02-26T14:20:58 IST" duration-ms="1340" status="PASS">
          <reporter-output>
          </reporter-output>
        </test-method> <!-- testCreateUser -->
        <test-method signature="testReadUser()[pri:2, instance:api.tests.UserTests@3d285d7e]" started-at="2025-02-26T14:20:58 IST" name="testReadUser" finished-at="2025-02-26T14:20:59 IST" duration-ms="1429" status="PASS">
          <reporter-output>
          </reporter-output>
        </test-method> <!-- testReadUser -->
        <test-method signature="testUpdateUser()[pri:3, instance:api.tests.UserTests@3d285d7e]" started-at="2025-02-26T14:20:59 IST" name="testUpdateUser" finished-at="2025-02-26T14:21:01 IST" duration-ms="1434" status="PASS">
          <reporter-output>
          </reporter-output>
        </test-method> <!-- testUpdateUser -->
        <test-method signature="testReadUpdatedUser()[pri:4, instance:api.tests.UserTests@3d285d7e]" started-at="2025-02-26T14:21:01 IST" name="testReadUpdatedUser" finished-at="2025-02-26T14:21:02 IST" duration-ms="1534" status="PASS">
          <reporter-output>
          </reporter-output>
        </test-method> <!-- testReadUpdatedUser -->
        <test-method signature="testDeleteUser()[pri:5, instance:api.tests.UserTests@3d285d7e]" started-at="2025-02-26T14:21:02 IST" name="testDeleteUser" finished-at="2025-02-26T14:21:04 IST" duration-ms="1427" status="PASS">
          <reporter-output>
          </reporter-output>
        </test-method> <!-- testDeleteUser -->
      </class> <!-- api.tests.UserTests -->
      <class name="api.tests.PetTests">
        <test-method is-config="true" signature="setupData()[pri:0, instance:api.tests.PetTests@3c9754d8]" started-at="2025-02-26T14:20:47 IST" name="setupData" finished-at="2025-02-26T14:20:47 IST" duration-ms="498" status="PASS">
          <reporter-output>
          </reporter-output>
        </test-method> <!-- setupData -->
        <test-method signature="testCreateUser()[pri:1, instance:api.tests.PetTests@3c9754d8]" started-at="2025-02-26T14:20:47 IST" name="testCreateUser" finished-at="2025-02-26T14:20:50 IST" duration-ms="3114" status="PASS">
          <reporter-output>
          </reporter-output>
        </test-method> <!-- testCreateUser -->
        <test-method signature="testDisplayPet()[pri:2, instance:api.tests.PetTests@3c9754d8]" started-at="2025-02-26T14:20:50 IST" name="testDisplayPet" finished-at="2025-02-26T14:20:52 IST" duration-ms="1573" status="PASS">
          <reporter-output>
          </reporter-output>
        </test-method> <!-- testDisplayPet -->
        <test-method signature="testUpdatePet()[pri:3, instance:api.tests.PetTests@3c9754d8]" started-at="2025-02-26T14:20:52 IST" name="testUpdatePet" finished-at="2025-02-26T14:20:53 IST" duration-ms="1533" status="PASS">
          <reporter-output>
          </reporter-output>
        </test-method> <!-- testUpdatePet -->
        <test-method signature="testDeletePet()[pri:4, instance:api.tests.PetTests@3c9754d8]" started-at="2025-02-26T14:20:53 IST" name="testDeletePet" finished-at="2025-02-26T14:20:55 IST" duration-ms="1530" status="PASS">
          <reporter-output>
          </reporter-output>
        </test-method> <!-- testDeletePet -->
        <test-method signature="testDisplayPetafterDelete()[pri:5, instance:api.tests.PetTests@3c9754d8]" started-at="2025-02-26T14:20:55 IST" name="testDisplayPetafterDelete" finished-at="2025-02-26T14:20:57 IST" duration-ms="1538" status="PASS">
          <reporter-output>
          </reporter-output>
        </test-method> <!-- testDisplayPetafterDelete -->
      </class> <!-- api.tests.PetTests -->
      <class name="api.tests.UserTests2">
        <test-method is-config="true" signature="setupData()[pri:0, instance:api.tests.UserTests2@367ffa75]" started-at="2025-02-26T14:21:32 IST" name="setupData" finished-at="2025-02-26T14:21:32 IST" duration-ms="31" status="PASS">
          <reporter-output>
          </reporter-output>
        </test-method> <!-- setupData -->
        <test-method signature="testCreateUser()[pri:1, instance:api.tests.UserTests2@367ffa75]" started-at="2025-02-26T14:21:32 IST" name="testCreateUser" finished-at="2025-02-26T14:21:33 IST" duration-ms="1502" status="PASS">
          <reporter-output>
          </reporter-output>
        </test-method> <!-- testCreateUser -->
        <test-method signature="testReadUser()[pri:2, instance:api.tests.UserTests2@367ffa75]" started-at="2025-02-26T14:21:33 IST" name="testReadUser" finished-at="2025-02-26T14:21:35 IST" duration-ms="1433" status="PASS">
          <reporter-output>
          </reporter-output>
        </test-method> <!-- testReadUser -->
        <test-method signature="testUpdateUser()[pri:3, instance:api.tests.UserTests2@367ffa75]" started-at="2025-02-26T14:21:35 IST" name="testUpdateUser" finished-at="2025-02-26T14:21:36 IST" duration-ms="1535" status="PASS">
          <reporter-output>
          </reporter-output>
        </test-method> <!-- testUpdateUser -->
        <test-method signature="testReadUpdatedUser()[pri:4, instance:api.tests.UserTests2@367ffa75]" started-at="2025-02-26T14:21:36 IST" name="testReadUpdatedUser" finished-at="2025-02-26T14:21:38 IST" duration-ms="1533" status="PASS">
          <reporter-output>
          </reporter-output>
        </test-method> <!-- testReadUpdatedUser -->
        <test-method signature="testDeleteUser()[pri:5, instance:api.tests.UserTests2@367ffa75]" started-at="2025-02-26T14:21:38 IST" name="testDeleteUser" finished-at="2025-02-26T14:21:40 IST" duration-ms="1534" status="PASS">
          <reporter-output>
          </reporter-output>
        </test-method> <!-- testDeleteUser -->
      </class> <!-- api.tests.UserTests2 -->
      <class name="api.tests.DD_UserTest">
        <test-method signature="testPostUser(java.lang.String,java.lang.String,java.lang.String,java.lang.String,java.lang.String,java.lang.String,java.lang.String)[pri:1, instance:api.tests.DD_UserTest@40005471]" started-at="2025-02-26T14:21:05 IST" name="testPostUser" data-provider="Data" finished-at="2025-02-26T14:21:06 IST" duration-ms="1492" status="PASS">
          <params>
            <param index="0">
              <value>
                <![CDATA[1010]]>
              </value>
            </param>
            <param index="1">
              <value>
                <![CDATA[testuser1]]>
              </value>
            </param>
            <param index="2">
              <value>
                <![CDATA[Rohit]]>
              </value>
            </param>
            <param index="3">
              <value>
                <![CDATA[Sharma]]>
              </value>
            </param>
            <param index="4">
              <value>
                <![CDATA[r@gmail.com]]>
              </value>
            </param>
            <param index="5">
              <value>
                <![CDATA[test@1]]>
              </value>
            </param>
            <param index="6">
              <value>
                <![CDATA[1234567897]]>
              </value>
            </param>
          </params>
          <reporter-output>
          </reporter-output>
        </test-method> <!-- testPostUser -->
        <test-method signature="testPostUser(java.lang.String,java.lang.String,java.lang.String,java.lang.String,java.lang.String,java.lang.String,java.lang.String)[pri:1, instance:api.tests.DD_UserTest@40005471]" started-at="2025-02-26T14:21:06 IST" name="testPostUser" data-provider="Data" finished-at="2025-02-26T14:21:07 IST" duration-ms="1430" status="PASS">
          <params>
            <param index="0">
              <value>
                <![CDATA[1020]]>
              </value>
            </param>
            <param index="1">
              <value>
                <![CDATA[testuser2]]>
              </value>
            </param>
            <param index="2">
              <value>
                <![CDATA[Virat]]>
              </value>
            </param>
            <param index="3">
              <value>
                <![CDATA[Kohli]]>
              </value>
            </param>
            <param index="4">
              <value>
                <![CDATA[v@gmail.com]]>
              </value>
            </param>
            <param index="5">
              <value>
                <![CDATA[test@2]]>
              </value>
            </param>
            <param index="6">
              <value>
                <![CDATA[1234567897]]>
              </value>
            </param>
          </params>
          <reporter-output>
          </reporter-output>
        </test-method> <!-- testPostUser -->
        <test-method signature="testPostUser(java.lang.String,java.lang.String,java.lang.String,java.lang.String,java.lang.String,java.lang.String,java.lang.String)[pri:1, instance:api.tests.DD_UserTest@40005471]" started-at="2025-02-26T14:21:07 IST" name="testPostUser" data-provider="Data" finished-at="2025-02-26T14:21:09 IST" duration-ms="1430" status="PASS">
          <params>
            <param index="0">
              <value>
                <![CDATA[1030]]>
              </value>
            </param>
            <param index="1">
              <value>
                <![CDATA[testuser3]]>
              </value>
            </param>
            <param index="2">
              <value>
                <![CDATA[Shubhman]]>
              </value>
            </param>
            <param index="3">
              <value>
                <![CDATA[Gill]]>
              </value>
            </param>
            <param index="4">
              <value>
                <![CDATA[s@gmail.com]]>
              </value>
            </param>
            <param index="5">
              <value>
                <![CDATA[test@3]]>
              </value>
            </param>
            <param index="6">
              <value>
                <![CDATA[1234567897]]>
              </value>
            </param>
          </params>
          <reporter-output>
          </reporter-output>
        </test-method> <!-- testPostUser -->
        <test-method signature="testReadUser(java.lang.String)[pri:2, instance:api.tests.DD_UserTest@40005471]" started-at="2025-02-26T14:21:09 IST" name="testReadUser" data-provider="UserNames" finished-at="2025-02-26T14:21:10 IST" duration-ms="1380" status="PASS">
          <params>
            <param index="0">
              <value>
                <![CDATA[testuser1]]>
              </value>
            </param>
          </params>
          <reporter-output>
          </reporter-output>
        </test-method> <!-- testReadUser -->
        <test-method signature="testReadUser(java.lang.String)[pri:2, instance:api.tests.DD_UserTest@40005471]" started-at="2025-02-26T14:21:10 IST" name="testReadUser" data-provider="UserNames" finished-at="2025-02-26T14:21:12 IST" duration-ms="1537" status="PASS">
          <params>
            <param index="0">
              <value>
                <![CDATA[testuser2]]>
              </value>
            </param>
          </params>
          <reporter-output>
          </reporter-output>
        </test-method> <!-- testReadUser -->
        <test-method signature="testReadUser(java.lang.String)[pri:2, instance:api.tests.DD_UserTest@40005471]" started-at="2025-02-26T14:21:12 IST" name="testReadUser" data-provider="UserNames" finished-at="2025-02-26T14:21:13 IST" duration-ms="1433" status="PASS">
          <params>
            <param index="0">
              <value>
                <![CDATA[testuser3]]>
              </value>
            </param>
          </params>
          <reporter-output>
          </reporter-output>
        </test-method> <!-- testReadUser -->
        <test-method signature="testDeleteUser(java.lang.String)[pri:3, instance:api.tests.DD_UserTest@40005471]" started-at="2025-02-26T14:21:13 IST" name="testDeleteUser" data-provider="UserNames" finished-at="2025-02-26T14:21:15 IST" duration-ms="1473" status="PASS">
          <params>
            <param index="0">
              <value>
                <![CDATA[testuser1]]>
              </value>
            </param>
          </params>
          <reporter-output>
          </reporter-output>
        </test-method> <!-- testDeleteUser -->
        <test-method signature="testDeleteUser(java.lang.String)[pri:3, instance:api.tests.DD_UserTest@40005471]" started-at="2025-02-26T14:21:15 IST" name="testDeleteUser" data-provider="UserNames" finished-at="2025-02-26T14:21:16 IST" duration-ms="1533" status="PASS">
          <params>
            <param index="0">
              <value>
                <![CDATA[testuser2]]>
              </value>
            </param>
          </params>
          <reporter-output>
          </reporter-output>
        </test-method> <!-- testDeleteUser -->
        <test-method signature="testDeleteUser(java.lang.String)[pri:3, instance:api.tests.DD_UserTest@40005471]" started-at="2025-02-26T14:21:16 IST" name="testDeleteUser" data-provider="UserNames" finished-at="2025-02-26T14:21:18 IST" duration-ms="1535" status="PASS">
          <params>
            <param index="0">
              <value>
                <![CDATA[testuser3]]>
              </value>
            </param>
          </params>
          <reporter-output>
          </reporter-output>
        </test-method> <!-- testDeleteUser -->
      </class> <!-- api.tests.DD_UserTest -->
      <class name="api.tests.DD_PetTest">
        <test-method signature="testPostUser(java.lang.String,java.lang.String,java.lang.String,java.lang.String,java.lang.String,java.lang.String,java.lang.String,java.lang.String)[pri:1, instance:api.tests.DD_PetTest@2cd76f31]" started-at="2025-02-26T14:21:18 IST" name="testPostUser" data-provider="PetData" finished-at="2025-02-26T14:21:20 IST" duration-ms="1342" status="PASS">
          <params>
            <param index="0">
              <value>
                <![CDATA[10011]]>
              </value>
            </param>
            <param index="1">
              <value>
                <![CDATA[20021]]>
              </value>
            </param>
            <param index="2">
              <value>
                <![CDATA[tester1_cat]]>
              </value>
            </param>
            <param index="3">
              <value>
                <![CDATA[tester1]]>
              </value>
            </param>
            <param index="4">
              <value>
                <![CDATA[https://test1]]>
              </value>
            </param>
            <param index="5">
              <value>
                <![CDATA[30031]]>
              </value>
            </param>
            <param index="6">
              <value>
                <![CDATA[tag1]]>
              </value>
            </param>
            <param index="7">
              <value>
                <![CDATA[available]]>
              </value>
            </param>
          </params>
          <reporter-output>
          </reporter-output>
        </test-method> <!-- testPostUser -->
        <test-method signature="testPostUser(java.lang.String,java.lang.String,java.lang.String,java.lang.String,java.lang.String,java.lang.String,java.lang.String,java.lang.String)[pri:1, instance:api.tests.DD_PetTest@2cd76f31]" started-at="2025-02-26T14:21:20 IST" name="testPostUser" data-provider="PetData" finished-at="2025-02-26T14:21:21 IST" duration-ms="1678" status="PASS">
          <params>
            <param index="0">
              <value>
                <![CDATA[10012]]>
              </value>
            </param>
            <param index="1">
              <value>
                <![CDATA[20022]]>
              </value>
            </param>
            <param index="2">
              <value>
                <![CDATA[tester2_cat]]>
              </value>
            </param>
            <param index="3">
              <value>
                <![CDATA[tester2]]>
              </value>
            </param>
            <param index="4">
              <value>
                <![CDATA[https://test2]]>
              </value>
            </param>
            <param index="5">
              <value>
                <![CDATA[30032]]>
              </value>
            </param>
            <param index="6">
              <value>
                <![CDATA[tag2]]>
              </value>
            </param>
            <param index="7">
              <value>
                <![CDATA[sold]]>
              </value>
            </param>
          </params>
          <reporter-output>
          </reporter-output>
        </test-method> <!-- testPostUser -->
        <test-method signature="testPostUser(java.lang.String,java.lang.String,java.lang.String,java.lang.String,java.lang.String,java.lang.String,java.lang.String,java.lang.String)[pri:1, instance:api.tests.DD_PetTest@2cd76f31]" started-at="2025-02-26T14:21:21 IST" name="testPostUser" data-provider="PetData" finished-at="2025-02-26T14:21:23 IST" duration-ms="1489" status="PASS">
          <params>
            <param index="0">
              <value>
                <![CDATA[10013]]>
              </value>
            </param>
            <param index="1">
              <value>
                <![CDATA[20023]]>
              </value>
            </param>
            <param index="2">
              <value>
                <![CDATA[tester3_cat]]>
              </value>
            </param>
            <param index="3">
              <value>
                <![CDATA[tester3]]>
              </value>
            </param>
            <param index="4">
              <value>
                <![CDATA[https://test3]]>
              </value>
            </param>
            <param index="5">
              <value>
                <![CDATA[30033]]>
              </value>
            </param>
            <param index="6">
              <value>
                <![CDATA[tag3]]>
              </value>
            </param>
            <param index="7">
              <value>
                <![CDATA[pending]]>
              </value>
            </param>
          </params>
          <reporter-output>
          </reporter-output>
        </test-method> <!-- testPostUser -->
        <test-method signature="get_Pet(java.lang.String)[pri:2, instance:api.tests.DD_PetTest@2cd76f31]" started-at="2025-02-26T14:21:23 IST" name="get_Pet" data-provider="Pet_id" finished-at="2025-02-26T14:21:24 IST" duration-ms="1531" status="PASS">
          <params>
            <param index="0">
              <value>
                <![CDATA[10011]]>
              </value>
            </param>
          </params>
          <reporter-output>
          </reporter-output>
        </test-method> <!-- get_Pet -->
        <test-method signature="get_Pet(java.lang.String)[pri:2, instance:api.tests.DD_PetTest@2cd76f31]" started-at="2025-02-26T14:21:24 IST" name="get_Pet" data-provider="Pet_id" finished-at="2025-02-26T14:21:26 IST" duration-ms="1534" status="PASS">
          <params>
            <param index="0">
              <value>
                <![CDATA[10012]]>
              </value>
            </param>
          </params>
          <reporter-output>
          </reporter-output>
        </test-method> <!-- get_Pet -->
        <test-method signature="get_Pet(java.lang.String)[pri:2, instance:api.tests.DD_PetTest@2cd76f31]" started-at="2025-02-26T14:21:26 IST" name="get_Pet" data-provider="Pet_id" finished-at="2025-02-26T14:21:27 IST" duration-ms="1534" status="PASS">
          <params>
            <param index="0">
              <value>
                <![CDATA[10013]]>
              </value>
            </param>
          </params>
          <reporter-output>
          </reporter-output>
        </test-method> <!-- get_Pet -->
        <test-method signature="delete_Pet(java.lang.String)[pri:3, instance:api.tests.DD_PetTest@2cd76f31]" started-at="2025-02-26T14:21:27 IST" name="delete_Pet" data-provider="Pet_id" finished-at="2025-02-26T14:21:29 IST" duration-ms="1475" status="PASS">
          <params>
            <param index="0">
              <value>
                <![CDATA[10011]]>
              </value>
            </param>
          </params>
          <reporter-output>
          </reporter-output>
        </test-method> <!-- delete_Pet -->
        <test-method signature="delete_Pet(java.lang.String)[pri:3, instance:api.tests.DD_PetTest@2cd76f31]" started-at="2025-02-26T14:21:29 IST" name="delete_Pet" data-provider="Pet_id" finished-at="2025-02-26T14:21:30 IST" duration-ms="1534" status="PASS">
          <params>
            <param index="0">
              <value>
                <![CDATA[10012]]>
              </value>
            </param>
          </params>
          <reporter-output>
          </reporter-output>
        </test-method> <!-- delete_Pet -->
        <test-method signature="delete_Pet(java.lang.String)[pri:3, instance:api.tests.DD_PetTest@2cd76f31]" started-at="2025-02-26T14:21:30 IST" name="delete_Pet" data-provider="Pet_id" finished-at="2025-02-26T14:21:32 IST" duration-ms="1535" status="PASS">
          <params>
            <param index="0">
              <value>
                <![CDATA[10013]]>
              </value>
            </param>
          </params>
          <reporter-output>
          </reporter-output>
        </test-method> <!-- delete_Pet -->
      </class> <!-- api.tests.DD_PetTest -->
    </test> <!-- Test -->
  </suite> <!-- Suite -->
</testng-results>
