<?xml version="1.0" encoding="UTF-8"?>
<testng-results ignored="0" total="5" passed="5" failed="0" skipped="0">
  <reporter-output>
  </reporter-output>
  <suite started-at="2025-02-24T09:51:06 IST" name="Default suite" finished-at="2025-02-24T09:51:14 IST" duration-ms="7381">
    <groups>
    </groups>
    <test started-at="2025-02-24T09:51:06 IST" name="Default test" finished-at="2025-02-24T09:51:14 IST" duration-ms="7381">
      <class name="api.tests.UserTests">
        <test-method is-config="true" signature="setupData()[pri:0, instance:api.tests.UserTests@7eac9008]" started-at="2025-02-24T09:51:06 IST" name="setupData" finished-at="2025-02-24T09:51:07 IST" duration-ms="620" status="PASS">
          <reporter-output>
          </reporter-output>
        </test-method> <!-- setupData -->
        <test-method signature="testCreateUser()[pri:1, instance:api.tests.UserTests@7eac9008]" started-at="2025-02-24T09:51:07 IST" name="testCreateUser" finished-at="2025-02-24T09:51:09 IST" duration-ms="2527" status="PASS">
          <reporter-output>
          </reporter-output>
        </test-method> <!-- testCreateUser -->
        <test-method signature="testReadUser()[pri:2, instance:api.tests.UserTests@7eac9008]" started-at="2025-02-24T09:51:09 IST" name="testReadUser" finished-at="2025-02-24T09:51:10 IST" duration-ms="888" status="PASS">
          <reporter-output>
          </reporter-output>
        </test-method> <!-- testReadUser -->
        <test-method signature="testUpdateUser()[pri:3, instance:api.tests.UserTests@7eac9008]" started-at="2025-02-24T09:51:10 IST" name="testUpdateUser" finished-at="2025-02-24T09:51:11 IST" duration-ms="1094" status="PASS">
          <reporter-output>
          </reporter-output>
        </test-method> <!-- testUpdateUser -->
        <test-method signature="testReadUpdatedUser()[pri:4, instance:api.tests.UserTests@7eac9008]" started-at="2025-02-24T09:51:11 IST" name="testReadUpdatedUser" finished-at="2025-02-24T09:51:12 IST" duration-ms="1084" status="PASS">
          <reporter-output>
          </reporter-output>
        </test-method> <!-- testReadUpdatedUser -->
        <test-method signature="testDeleteUser()[pri:5, instance:api.tests.UserTests@7eac9008]" started-at="2025-02-24T09:51:12 IST" name="testDeleteUser" finished-at="2025-02-24T09:51:14 IST" duration-ms="1127" status="PASS">
          <reporter-output>
          </reporter-output>
        </test-method> <!-- testDeleteUser -->
      </class> <!-- api.tests.UserTests -->
    </test> <!-- Default test -->
  </suite> <!-- Default suite -->
</testng-results>
