<?xml version="1.0" encoding="UTF-8"?>
<!-- Generated by org.testng.reporters.JUnitXMLReporter -->
<testsuite ignored="0" hostname="LAPTOP-J8ATVK14" failures="0" tests="14" name="PetUerTest" time="25.568" errors="0" timestamp="2025-02-21T13:55:26 IST">
  <testcase classname="api.tests.UserTests" name="testCreateUser" time="9.612"/>
  <testcase classname="api.tests.UserTests" name="testReadUser" time="1.163"/>
  <testcase classname="api.tests.UserTests" name="testUpdateUser" time="1.164"/>
  <testcase classname="api.tests.UserTests" name="testReadUpdatedUser" time="1.156"/>
  <testcase classname="api.tests.UserTests" name="testDeleteUser" time="1.154"/>
  <testcase classname="api.tests.DD_UserTest" name="testPostUser" time="1.157"/>
  <testcase classname="api.tests.DD_UserTest" name="testPostUser" time="1.147"/>
  <testcase classname="api.tests.DD_UserTest" name="testPostUser" time="1.157"/>
  <testcase classname="api.tests.DD_UserTest" name="testReadUser" time="1.16"/>
  <testcase classname="api.tests.DD_UserTest" name="testReadUser" time="1.166"/>
  <testcase classname="api.tests.DD_UserTest" name="testReadUser" time="1.163"/>
  <testcase classname="api.tests.DD_UserTest" name="testDeleteUser" time="1.149"/>
  <testcase classname="api.tests.DD_UserTest" name="testDeleteUser" time="0.934"/>
  <testcase classname="api.tests.DD_UserTest" name="testDeleteUser" time="1.152"/>
</testsuite> <!-- PetUerTest -->
