<?xml version="1.0" encoding="UTF-8"?>
<!-- Generated by org.testng.reporters.JUnitXMLReporter -->
<testsuite ignored="0" hostname="LAPTOP-J8ATVK14" failures="0" tests="10" name="PetUserTest" time="17.065" errors="0" timestamp="2025-02-24T08:54:54 IST">
  <testcase classname="api.tests.UserTests" name="testCreateUser" time="2.812"/>
  <testcase classname="api.tests.UserTests" name="testReadUser" time="1.57"/>
  <testcase classname="api.tests.UserTests" name="testUpdateUser" time="1.528"/>
  <testcase classname="api.tests.UserTests" name="testReadUpdatedUser" time="1.343"/>
  <testcase classname="api.tests.UserTests" name="testDeleteUser" time="1.52"/>
  <testcase classname="api.tests.UserTests2" name="testCreateUser" time="1.396"/>
  <testcase classname="api.tests.UserTests2" name="testReadUser" time="1.327"/>
  <testcase classname="api.tests.UserTests2" name="testUpdateUser" time="1.532"/>
  <testcase classname="api.tests.UserTests2" name="testReadUpdatedUser" time="1.532"/>
  <testcase classname="api.tests.UserTests2" name="testDeleteUser" time="1.534"/>
</testsuite> <!-- PetUserTest -->
